#
# There is insufficient memory for the Java Runtime Environment to continue.
# Native memory allocation (mmap) failed to map 2031616 bytes for G1 virtual space
# Possible reasons:
#   The system is out of physical RAM or swap space
#   The process is running with CompressedOops enabled, and the Java Heap may be blocking the growth of the native heap
# Possible solutions:
#   Reduce memory load on the system
#   Increase physical memory or swap space
#   Check if swap backing store is full
#   Decrease Java heap size (-Xmx/-Xms)
#   Decrease number of Java threads
#   Decrease Java thread stack sizes (-Xss)
#   Set larger code cache with -XX:ReservedCodeCacheSize=
#   JVM is running with Unscaled Compressed Oops mode in which the Java heap is
#     placed in the first 4GB address space. The Java Heap base address is the
#     maximum limit for the native heap growth. Please use -XX:HeapBaseMinAddress
#     to set the Java Heap base and to place the Java Heap above 4GB virtual address.
# This output file may be truncated or incomplete.
#
#  Out of Memory Error (os_windows.cpp:3753), pid=12408, tid=13812
#
# JRE version:  (17.0.4.1+7) (build )
# Java VM: OpenJDK 64-Bit Server VM (17.0.4.1+7-b469.62, mixed mode, sharing, tiered, compressed oops, compressed class ptrs, g1 gc, windows-amd64)
# No core dump will be written. Minidumps are not enabled by default on client versions of Windows
#

---------------  S U M M A R Y ------------

Command Line: git4idea.http.GitAskPassApp Username for 'https://github.com': 

Host: Intel(R) Core(TM) i5 CPU         650  @ 3.20GHz, 4 cores, 7G,  Windows 10 , 64 bit Build 19041 (10.0.19041.2251)
Time: Fri Dec  2 09:42:35 2022 Hora oficial do Brasil elapsed time: 0.016992 seconds (0d 0h 0m 0s)

---------------  T H R E A D  ---------------

Current thread (0x000002819cd66ab0):  JavaThread "Unknown thread" [_thread_in_vm, id=13812, stack(0x000000ccfc600000,0x000000ccfc700000)]

Stack: [0x000000ccfc600000,0x000000ccfc700000]
Native frames: (J=compiled Java code, j=interpreted, Vv=VM code, C=native code)
V  [jvm.dll+0x68356a]
V  [jvm.dll+0x83fab4]
V  [jvm.dll+0x84125e]
V  [jvm.dll+0x8418c3]
V  [jvm.dll+0x249735]
V  [jvm.dll+0x680439]
V  [jvm.dll+0x674a7a]
V  [jvm.dll+0x30956b]
V  [jvm.dll+0x310a26]
V  [jvm.dll+0x3608b3]
V  [jvm.dll+0x360acf]
V  [jvm.dll+0x2df658]
V  [jvm.dll+0x2e05c4]
V  [jvm.dll+0x8112a1]
V  [jvm.dll+0x36e6f1]
V  [jvm.dll+0x7f076c]
V  [jvm.dll+0x3f180f]
V  [jvm.dll+0x3f3351]
C  [jli.dll+0x526b]
C  [ucrtbase.dll+0x21bb2]
C  [KERNEL32.DLL+0x174b4]
C  [ntdll.dll+0x526a1]


---------------  P R O C E S S  ---------------

Threads class SMR info:
_java_thread_list=0x00007ffa12287f58, length=0, elements={
}

Java Threads: ( => current thread )

Other Threads:
  0x000002819cdb8d20 GCTaskThread "GC Thread#0" [stack: 0x000000ccfc700000,0x000000ccfc800000] [id=1064]
  0x000002819cdca140 ConcurrentGCThread "G1 Main Marker" [stack: 0x000000ccfc800000,0x000000ccfc900000] [id=644]
  0x000002819cdcb200 ConcurrentGCThread "G1 Conc#0" [stack: 0x000000ccfc900000,0x000000ccfca00000] [id=14540]

[error occurred during error reporting (printing all threads), id 0xc0000005, EXCEPTION_ACCESS_VIOLATION (0xc0000005) at pc=0x00007ffa11a40217]

VM state: not at safepoint (not fully initialized)

VM Mutex/Monitor currently owned by a thread:  ([mutex/lock_event])
[0x000002819cd61aa0] Heap_lock - owner thread: 0x000002819cd66ab0

Heap address: 0x0000000085200000, size: 1966 MB, Compressed Oops mode: 32-bit

CDS archive(s) mapped at: [0x0000000000000000-0x0000000000000000-0x0000000000000000), size 0, SharedBaseAddress: 0x0000000800000000, ArchiveRelocationMode: 0.
Narrow klass base: 0x0000000000000000, Narrow klass shift: 0, Narrow klass range: 0x0

GC Precious Log:
<Empty>

Heap:
 garbage-first heap   total 0K, used 0K [0x0000000085200000, 0x0000000100000000)
  region size 1024K, 0 young (0K), 0 survivors (0K)

[error occurred during error reporting (printing heap information), id 0xc0000005, EXCEPTION_ACCESS_VIOLATION (0xc0000005) at pc=0x00007ffa11e2d1f9]

GC Heap History (0 events):
No events

Deoptimization events (0 events):
No events

Classes unloaded (0 events):
No events

Classes redefined (0 events):
No events

Internal exceptions (0 events):
No events

VM Operations (0 events):
No events

Events (1 events):
Event: 0.011 Loaded shared library C:\Program Files\JetBrains\PhpStorm 2022.2.3\jbr\bin\java.dll


Dynamic libraries:
0x00007ff6c9cf0000 - 0x00007ff6c9cfa000 	C:\Program Files\JetBrains\PhpStorm 2022.2.3\jbr\bin\java.exe
0x00007ffa501d0000 - 0x00007ffa503c8000 	C:\Windows\SYSTEM32\ntdll.dll
0x00007ffa4f960000 - 0x00007ffa4fa1f000 	C:\Windows\System32\KERNEL32.DLL
0x00007ffa4d9d0000 - 0x00007ffa4dca2000 	C:\Windows\System32\KERNELBASE.dll
0x00007ffa4de30000 - 0x00007ffa4df30000 	C:\Windows\System32\ucrtbase.dll
0x00007ffa2d830000 - 0x00007ffa2d84b000 	C:\Program Files\JetBrains\PhpStorm 2022.2.3\jbr\bin\VCRUNTIME140.dll
0x00007ffa30ac0000 - 0x00007ffa30ad7000 	C:\Program Files\JetBrains\PhpStorm 2022.2.3\jbr\bin\jli.dll
0x00007ffa4f5f0000 - 0x00007ffa4f78d000 	C:\Windows\System32\USER32.dll
0x00007ffa4e090000 - 0x00007ffa4e0b2000 	C:\Windows\System32\win32u.dll
0x00007ffa31970000 - 0x00007ffa31c0a000 	C:\Windows\WinSxS\amd64_microsoft.windows.common-controls_6595b64144ccf1df_6.0.19041.1110_none_60b5254171f9507e\COMCTL32.dll
0x00007ffa4f050000 - 0x00007ffa4f07b000 	C:\Windows\System32\GDI32.dll
0x00007ffa4ebf0000 - 0x00007ffa4ec8e000 	C:\Windows\System32\msvcrt.dll
0x00007ffa4df30000 - 0x00007ffa4e03f000 	C:\Windows\System32\gdi32full.dll
0x00007ffa4dcb0000 - 0x00007ffa4dd4d000 	C:\Windows\System32\msvcp_win.dll
0x00007ffa4f790000 - 0x00007ffa4f7c2000 	C:\Windows\System32\IMM32.DLL
0x00007ffa311e0000 - 0x00007ffa311ec000 	C:\Program Files\JetBrains\PhpStorm 2022.2.3\jbr\bin\vcruntime140_1.dll
0x00007ffa1e270000 - 0x00007ffa1e2fd000 	C:\Program Files\JetBrains\PhpStorm 2022.2.3\jbr\bin\msvcp140.dll
0x00007ffa11750000 - 0x00007ffa123b9000 	C:\Program Files\JetBrains\PhpStorm 2022.2.3\jbr\bin\server\jvm.dll
0x00007ffa4e5f0000 - 0x00007ffa4e69e000 	C:\Windows\System32\ADVAPI32.dll
0x00007ffa4f550000 - 0x00007ffa4f5ec000 	C:\Windows\System32\sechost.dll
0x00007ffa4e6a0000 - 0x00007ffa4e7c5000 	C:\Windows\System32\RPCRT4.dll
0x00007ffa4e7d0000 - 0x00007ffa4e7d8000 	C:\Windows\System32\PSAPI.DLL
0x00007ffa42270000 - 0x00007ffa42297000 	C:\Windows\SYSTEM32\WINMM.dll
0x00007ffa3d930000 - 0x00007ffa3d939000 	C:\Windows\SYSTEM32\WSOCK32.dll
0x00007ffa453f0000 - 0x00007ffa453fa000 	C:\Windows\SYSTEM32\VERSION.dll
0x00007ffa4e980000 - 0x00007ffa4e9eb000 	C:\Windows\System32\WS2_32.dll
0x00007ffa4b7b0000 - 0x00007ffa4b7c2000 	C:\Windows\SYSTEM32\kernel.appcore.dll
0x00007ffa32e60000 - 0x00007ffa32e6a000 	C:\Program Files\JetBrains\PhpStorm 2022.2.3\jbr\bin\jimage.dll
0x00007ffa41540000 - 0x00007ffa41724000 	C:\Windows\SYSTEM32\DBGHELP.DLL
0x00007ffa39210000 - 0x00007ffa3923c000 	C:\Windows\SYSTEM32\dbgcore.DLL
0x00007ffa4d940000 - 0x00007ffa4d9c2000 	C:\Windows\System32\bcryptPrimitives.dll
0x00007ffa31230000 - 0x00007ffa31255000 	C:\Program Files\JetBrains\PhpStorm 2022.2.3\jbr\bin\java.dll

dbghelp: loaded successfully - version: 4.0.5 - missing functions: none
symbol engine: initialized successfully - sym options: 0x614 - pdb path: .;C:\Program Files\JetBrains\PhpStorm 2022.2.3\jbr\bin;C:\Windows\SYSTEM32;C:\Windows\WinSxS\amd64_microsoft.windows.common-controls_6595b64144ccf1df_6.0.19041.1110_none_60b5254171f9507e;C:\Program Files\JetBrains\PhpStorm 2022.2.3\jbr\bin\server

VM Arguments:
java_command: git4idea.http.GitAskPassApp Username for 'https://github.com': 
java_class_path (initial): C:/Program Files/JetBrains/PhpStorm 2022.2.3/plugins/git4idea/lib/git4idea-rt.jar;C:/Program Files/JetBrains/PhpStorm 2022.2.3/lib/externalProcess-rt.jar;C:/Program Files/JetBrains/PhpStorm 2022.2.3/lib/app.jar;C:/Program Files/JetBrains/PhpStorm 2022.2.3/lib/3rd-party-rt.jar
Launcher Type: SUN_STANDARD

[Global flags]
     intx CICompilerCount                          = 3                                         {product} {ergonomic}
     uint ConcGCThreads                            = 1                                         {product} {ergonomic}
     uint G1ConcRefinementThreads                  = 4                                         {product} {ergonomic}
   size_t G1HeapRegionSize                         = 1048576                                   {product} {ergonomic}
    uintx GCDrainStackTargetSize                   = 64                                        {product} {ergonomic}
   size_t InitialHeapSize                          = 130023424                                 {product} {ergonomic}
   size_t MarkStackSize                            = 4194304                                   {product} {ergonomic}
   size_t MaxHeapSize                              = 2061500416                                {product} {ergonomic}
   size_t MinHeapDeltaBytes                        = 1048576                                   {product} {ergonomic}
   size_t MinHeapSize                              = 8388608                                   {product} {ergonomic}
    uintx NonNMethodCodeHeapSize                   = 5832780                                {pd product} {ergonomic}
    uintx NonProfiledCodeHeapSize                  = 122912730                              {pd product} {ergonomic}
    uintx ProfiledCodeHeapSize                     = 122912730                              {pd product} {ergonomic}
    uintx ReservedCodeCacheSize                    = 251658240                              {pd product} {ergonomic}
     bool SegmentedCodeCache                       = true                                      {product} {ergonomic}
   size_t SoftMaxHeapSize                          = 2061500416                             {manageable} {ergonomic}
     bool UseCompressedClassPointers               = true                           {product lp64_product} {ergonomic}
     bool UseCompressedOops                        = true                           {product lp64_product} {ergonomic}
     bool UseG1GC                                  = true                                      {product} {ergonomic}
     bool UseLargePagesIndividualAllocation        = false                                  {pd product} {ergonomic}

Logging:
Log output configuration:
 #0: stdout all=warning uptime,level,tags
 #1: stderr all=off uptime,level,tags

Environment Variables:
PATH=C:\Program Files\Git\mingw64\libexec\git-core;C:\Program Files\Git\mingw64\libexec\git-core;C:\Program Files\Git\mingw64\bin;C:\Program Files\Git\usr\bin;C:\Users\Yago\bin;D:\app\Yago\product\11.2.0\client_1\bin;C:\app\Yago\product\21c\dbhomeXE\bin;C:\Windows\system32;C:\Windows;C:\Windows\System32\Wbem;C:\Windows\System32\WindowsPowerShell\v1.0;C:\Windows\System32\OpenSSH;C:\Program Files (x86)\HP\Common\HPDestPlgIn;C:\Program Files (x86)\Common Files\Acronis\SnapAPI;C:\Program Files (x86)\Common Files\Acronis\VirtualFile;C:\Program Files (x86)\Common Files\Acronis\VirtualFile64;C:\Program Files (x86)\Microsoft Office\Office15;C:\Users\Yago\AppData\Local\Google\Chrome\Application;C:\Program Files\Git\cmd;C:\ProgramData\ComposerSetup\bin;C:\Users\Yago\AppData\Local\Microsoft\WindowsApps;C:\Program Files (x86)\HP\Common\HPDestPlgIn;C:\ProgramData\Microsoft\Windows\Start Menu\Programs\Microsoft Office 2013;C:\Users\Yago\AppData\Local\Programs\Microsoft VS Code\bin;D:\Yago\php-8.1.11-nts-Win32-vs16-x64;C:\Program Files\JetBrains\PhpStorm 2022.2.3\bin;C:\Users\Yago\AppData\Roaming\Composer\vendor\bin
USERNAME=Yago
DISPLAY=:0.0
LC_ALL=en_US.UTF-8
TERM=xterm-256color
TMPDIR=C:\Users\Yago\AppData\Local\Temp
OS=Windows_NT
PROCESSOR_IDENTIFIER=Intel64 Family 6 Model 37 Stepping 5, GenuineIntel
TMP=C:\Users\Yago\AppData\Local\Temp
TEMP=C:\Users\Yago\AppData\Local\Temp



---------------  S Y S T E M  ---------------

OS:
 Windows 10 , 64 bit Build 19041 (10.0.19041.2251)
OS uptime: 6 days 19:55 hours

CPU: total 4 (initial active 4) (2 cores per cpu, 2 threads per core) family 6 model 37 stepping 5 microcode 0x7, cx8, cmov, fxsr, ht, mmx, sse, sse2, sse3, ssse3, sse4.1, sse4.2, popcnt, tsc, tscinvbit, aes, clmul, clflush

Memory: 4k page, system-wide physical 7862M (1169M free)
TotalPageFile size 9262M (AvailPageFile size 5M)
current process WorkingSet (physical memory assigned to process): 10M, peak: 10M
current process commit charge ("private bytes"): 176M, peak: 177M

vm_info: OpenJDK 64-Bit Server VM (17.0.4.1+7-b469.62) for windows-amd64 JRE (17.0.4.1+7-b469.62), built on 2022-09-22 by "builduser" with MS VC++ 16.10 / 16.11 (VS2019)

END.
